{"timestamp":"2025-11-07T21:42:13.960+0000","rule":{"level":3,"description":"PAM: Login session opened.","id":"5501","mitre":{"id":["T1078"],"tactic":["Defense Evasion","Persistence","Privilege Escalation","Initial Access"],"technique":["Valid Accounts"]},"firedtimes":16,"mail":false,"groups":["pam","syslog","authentication_success"],"pci_dss":["10.2.5"],"gpg13":["7.8","7.9"],"gdpr":["IV_32.2"],"hipaa":["164.312.b"],"nist_800_53":["AU.14","AC.7"],"tsc":["CC6.8","CC7.2","CC7.3"]},"agent":{"id":"000","name":"kali"},"manager":{"name":"kali"},"id":"1762551733.241433","full_log":"Nov 07 21:42:13 kali sudo[127302]: pam_unix(sudo:session): session opened for user root(uid=0) by (uid=1000)","predecoder":{"program_name":"sudo","timestamp":"Nov 07 21:42:13","hostname":"kali"},"decoder":{"parent":"pam","name":"pam"},"data":{"dstuser":"root(uid=0)","uid":"1000"},"location":"journald"}
{"timestamp":"2025-11-07T21:42:13.960+0000","rule":{"level":3,"description":"Successful sudo to ROOT executed.","id":"5402","mitre":{"id":["T1548.003"],"tactic":["Privilege Escalation","Defense Evasion"],"technique":["Sudo and Sudo Caching"]},"firedtimes":15,"mail":false,"groups":["syslog","sudo"],"pci_dss":["10.2.5","10.2.2"],"gpg13":["7.6","7.8","7.13"],"gdpr":["IV_32.2"],"hipaa":["164.312.b"],"nist_800_53":["AU.14","AC.7","AC.6"],"tsc":["CC6.8","CC7.2","CC7.3"]},"agent":{"id":"000","name":"kali"},"manager":{"name":"kali"},"id":"1762551733.241854","full_log":"Nov 07 21:42:13 kali sudo[127302]:     kali : TTY=pts/0 ; PWD=/home/kali ; USER=root ; COMMAND=/usr/bin/systemctl stop wazuh-dashboard","predecoder":{"program_name":"sudo","timestamp":"Nov 07 21:42:13","hostname":"kali"},"decoder":{"parent":"sudo","name":"sudo","ftscomment":"First time user executed the sudo command"},"data":{"srcuser":"kali","dstuser":"root","tty":"pts/0","pwd":"/home/kali","command":"/usr/bin/systemctl stop wazuh-dashboard"},"location":"journald"}
{"timestamp":"2025-11-07T21:42:15.961+0000","rule":{"level":3,"description":"PAM: Login session closed.","id":"5502","firedtimes":18,"mail":false,"groups":["pam","syslog"],"pci_dss":["10.2.5"],"gpg13":["7.8","7.9"],"gdpr":["IV_32.2"],"hipaa":["164.312.b"],"nist_800_53":["AU.14","AC.7"],"tsc":["CC6.8","CC7.2","CC7.3"]},"agent":{"id":"000","name":"kali"},"manager":{"name":"kali"},"id":"1762551735.242388","full_log":"Nov 07 21:42:14 kali sudo[127302]: pam_unix(sudo:session): session closed for user root","predecoder":{"program_name":"sudo","timestamp":"Nov 07 21:42:14","hostname":"kali"},"decoder":{"parent":"pam","name":"pam"},"data":{"dstuser":"root"},"location":"journald"}
{"timestamp":"2025-11-07T21:42:21.964+0000","rule":{"level":3,"description":"Successful sudo to ROOT executed.","id":"5402","mitre":{"id":["T1548.003"],"tactic":["Privilege Escalation","Defense Evasion"],"technique":["Sudo and Sudo Caching"]},"firedtimes":16,"mail":false,"groups":["syslog","sudo"],"pci_dss":["10.2.5","10.2.2"],"gpg13":["7.6","7.8","7.13"],"gdpr":["IV_32.2"],"hipaa":["164.312.b"],"nist_800_53":["AU.14","AC.7","AC.6"],"tsc":["CC6.8","CC7.2","CC7.3"]},"agent":{"id":"000","name":"kali"},"manager":{"name":"kali"},"id":"1762551741.242748","full_log":"Nov 07 21:42:21 kali sudo[127353]:     kali : TTY=pts/0 ; PWD=/home/kali ; USER=root ; COMMAND=/usr/bin/systemctl stop wazuh-manager","predecoder":{"program_name":"sudo","timestamp":"Nov 07 21:42:21","hostname":"kali"},"decoder":{"parent":"sudo","name":"sudo","ftscomment":"First time user executed the sudo command"},"data":{"srcuser":"kali","dstuser":"root","tty":"pts/0","pwd":"/home/kali","command":"/usr/bin/systemctl stop wazuh-manager"},"location":"journald"}
{"timestamp":"2025-11-07T21:42:21.964+0000","rule":{"level":3,"description":"PAM: Login session opened.","id":"5501","mitre":{"id":["T1078"],"tactic":["Defense Evasion","Persistence","Privilege Escalation","Initial Access"],"technique":["Valid Accounts"]},"firedtimes":17,"mail":false,"groups":["pam","syslog","authentication_success"],"pci_dss":["10.2.5"],"gpg13":["7.8","7.9"],"gdpr":["IV_32.2"],"hipaa":["164.312.b"],"nist_800_53":["AU.14","AC.7"],"tsc":["CC6.8","CC7.2","CC7.3"]},"agent":{"id":"000","name":"kali"},"manager":{"name":"kali"},"id":"1762551741.243278","full_log":"Nov 07 21:42:21 kali sudo[127353]: pam_unix(sudo:session): session opened for user root(uid=0) by (uid=1000)","predecoder":{"program_name":"sudo","timestamp":"Nov 07 21:42:21","hostname":"kali"},"decoder":{"parent":"pam","name":"pam"},"data":{"dstuser":"root(uid=0)","uid":"1000"},"location":"journald"}
{"timestamp":"2025-11-07T21:42:22.804+0000","rule":{"level":3,"description":"A process was created.","id":"67027","firedtimes":27,"mail":false,"groups":["windows"," WEF"]},"agent":{"id":"001","name":"Chaitu","ip":"172.16.78.136"},"manager":{"name":"kali"},"id":"1762551742.243699","decoder":{"name":"windows_eventchannel"},"data":{"win":{"system":{"providerName":"Microsoft-Windows-Security-Auditing","providerGuid":"{54849625-5478-4994-a5ba-3e3b0328c30d}","eventID":"4688","version":"2","level":"0","task":"13312","opcode":"0","keywords":"0x8020000000000000","systemTime":"2025-11-03T20:46:53.3962464Z","eventRecordID":"350631","processID":"4","threadID":"10204","channel":"Security","computer":"Chaitu","severityValue":"AUDIT_SUCCESS","message":"\"A new process has been created.\r\n\r\nCreator Subject:\r\n\tSecurity ID:\t\tS-1-5-18\r\n\tAccount Name:\t\tCHAITU$\r\n\tAccount Domain:\t\tWORKGROUP\r\n\tLogon ID:\t\t0x3E7\r\n\r\nTarget Subject:\r\n\tSecurity ID:\t\tS-1-5-21-1849594923-898934099-661420534-1001\r\n\tAccount Name:\t\tWorkfrmtampa\r\n\tAccount Domain:\t\tChaitu\r\n\tLogon ID:\t\t0x186F4\r\n\r\nProcess Information:\r\n\tNew Process ID:\t\t0x1530\r\n\tNew Process Name:\tC:\\Windows\\System32\\LocationNotificationWindows.exe\r\n\tToken Elevation Type:\tTokenElevationTypeLimited (3)\r\n\tMandatory Label:\t\tS-1-16-8192\r\n\tCreator Process ID:\t0x4dc\r\n\tCreator Process Name:\tC:\\Windows\\System32\\svchost.exe\r\n\tProcess Command Line:\t\r\n\r\nToken Elevation Type indicates the type of token that was assigned to the new process in accordance with User Account Control policy.\r\n\r\nType 1 is a full token with no privileges removed or groups disabled.  A full token is only used if User Account Control is disabled or if the user is the built-in Administrator account or a service account.\r\n\r\nType 2 is an elevated token with no privileges removed or groups disabled.  An elevated token is used when User Account Control is enabled and the user chooses to start the program using Run as administrator.  An elevated token is also used when an application is configured to always require administrative privilege or to always require maximum privilege, and the user is a member of the Administrators group.\r\n\r\nType 3 is a limited token with administrative privileges removed and administrative groups disabled.  The limited token is used when User Account Control is enabled, the application does not require administrative privilege, and the user does not choose to start the program using Run as administrator.\""},"eventdata":{"subjectUserSid":"S-1-5-18","subjectUserName":"CHAITU$","subjectDomainName":"WORKGROUP","subjectLogonId":"0x3e7","newProcessId":"0x1530","newProcessName":"C:\\\\Windows\\\\System32\\\\LocationNotificationWindows.exe","tokenElevationType":"%%1938","processId":"0x4dc","targetUserSid":"S-1-5-21-1849594923-898934099-661420534-1001","targetUserName":"Workfrmtampa","targetDomainName":"Chaitu","targetLogonId":"0x186f4","parentProcessName":"C:\\\\Windows\\\\System32\\\\svchost.exe","mandatoryLabel":"S-1-16-8192"}}},"location":"EventChannel"}
{"timestamp":"2025-11-10T16:55:15.536+0000","rule":{"level":3,"description":"PAM: Login session closed.","id":"5502","firedtimes":1,"mail":false,"groups":["pam","syslog"],"pci_dss":["10.2.5"],"gpg13":["7.8","7.9"],"gdpr":["IV_32.2"],"hipaa":["164.312.b"],"nist_800_53":["AU.14","AC.7"],"tsc":["CC6.8","CC7.2","CC7.3"]},"agent":{"id":"000","name":"kali"},"manager":{"name":"kali"},"id":"1762793715.0","full_log":"Nov 10 16:55:14 kali sudo[133251]: pam_unix(sudo:session): session closed for user root","predecoder":{"program_name":"sudo","timestamp":"Nov 10 16:55:14","hostname":"kali"},"decoder":{"parent":"pam","name":"pam"},"data":{"dstuser":"root"},"location":"journald"}
{"timestamp":"2025-11-10T16:55:20.469+0000","rule":{"level":3,"description":"Wazuh server started.","id":"502","firedtimes":1,"mail":false,"groups":["ossec"],"pci_dss":["10.6.1"],"gpg13":["10.1"],"gdpr":["IV_35.7.d"],"hipaa":["164.312.b"],"nist_800_53":["AU.6"],"tsc":["CC7.2","CC7.3"]},"agent":{"id":"000","name":"kali"},"manager":{"name":"kali"},"id":"1762793720.355","full_log":"ossec: Manager started.","decoder":{"name":"ossec"},"location":"wazuh-monitord"}
{"timestamp":"2025-11-10T16:55:23.537+0000","rule":{"level":3,"description":"Successful sudo to ROOT executed.","id":"5402","mitre":{"id":["T1548.003"],"tactic":["Privilege Escalation","Defense Evasion"],"technique":["Sudo and Sudo Caching"]},"firedtimes":1,"mail":false,"groups":["syslog","sudo"],"pci_dss":["10.2.5","10.2.2"],"gpg13":["7.6","7.8","7.13"],"gdpr":["IV_32.2"],"hipaa":["164.312.b"],"nist_800_53":["AU.14","AC.7","AC.6"],"tsc":["CC6.8","CC7.2","CC7.3"]},"agent":{"id":"000","name":"kali"},"manager":{"name":"kali"},"id":"1762793723.597","full_log":"Nov 10 16:55:22 kali sudo[135188]:     root : TTY=pts/3 ; PWD=/home/kali ; USER=root ; COMMAND=/usr/bin/bash","predecoder":{"program_name":"sudo","timestamp":"Nov 10 16:55:22","hostname":"kali"},"decoder":{"parent":"sudo","name":"sudo","ftscomment":"First time user executed the sudo command"},"data":{"srcuser":"root","dstuser":"root","tty":"pts/3","pwd":"/home/kali","command":"/usr/bin/bash"},"location":"journald"}
{"timestamp":"2025-11-10T16:55:23.537+0000","rule":{"level":3,"description":"PAM: Login session opened.","id":"5501","mitre":{"id":["T1078"],"tactic":["Defense Evasion","Persistence","Privilege Escalation","Initial Access"],"technique":["Valid Accounts"]},"firedtimes":1,"mail":false,"groups":["pam","syslog","authentication_success"],"pci_dss":["10.2.5"],"gpg13":["7.8","7.9"],"gdpr":["IV_32.2"],"hipaa":["164.312.b"],"nist_800_53":["AU.14","AC.7"],"tsc":["CC6.8","CC7.2","CC7.3"]},"agent":{"id":"000","name":"kali"},"manager":{"name":"kali"},"id":"1762793723.1076","full_log":"Nov 10 16:55:22 kali sudo[135188]: pam_unix(sudo:session): session opened for user root(uid=0) by kali(uid=0)","predecoder":{"program_name":"sudo","timestamp":"Nov 10 16:55:22","hostname":"kali"},"decoder":{"parent":"pam","name":"pam"},"data":{"srcuser":"kali","dstuser":"root(uid=0)","uid":"0"},"location":"journald"}
{"timestamp":"2025-11-10T16:55:31.538+0000","rule":{"level":3,"description":"Successful sudo to ROOT executed.","id":"5402","mitre":{"id":["T1548.003"],"tactic":["Privilege Escalation","Defense Evasion"],"technique":["Sudo and Sudo Caching"]},"firedtimes":2,"mail":false,"groups":["syslog","sudo"],"pci_dss":["10.2.5","10.2.2"],"gpg13":["7.6","7.8","7.13"],"gdpr":["IV_32.2"],"hipaa":["164.312.b"],"nist_800_53":["AU.14","AC.7","AC.6"],"tsc":["CC6.8","CC7.2","CC7.3"]},"agent":{"id":"000","name":"kali"},"manager":{"name":"kali"},"id":"1762793731.1493","full_log":"Nov 10 16:55:30 kali sudo[135470]:     root : TTY=pts/6 ; PWD=/home/kali ; USER=root ; COMMAND=/usr/bin/systemctl","predecoder":{"program_name":"sudo","timestamp":"Nov 10 16:55:30","hostname":"kali"},"decoder":{"parent":"sudo","name":"sudo","ftscomment":"First time user executed the sudo command"},"data":{"srcuser":"root","dstuser":"root","tty":"pts/6","pwd":"/home/kali","command":"/usr/bin/systemctl"},"location":"journald"}
{"timestamp":"2025-11-10T16:55:31.538+0000","rule":{"level":3,"description":"PAM: Login session opened.","id":"5501","mitre":{"id":["T1078"],"tactic":["Defense Evasion","Persistence","Privilege Escalation","Initial Access"],"technique":["Valid Accounts"]},"firedtimes":2,"mail":false,"groups":["pam","syslog","authentication_success"],"pci_dss":["10.2.5"],"gpg13":["7.8","7.9"],"gdpr":["IV_32.2"],"hipaa":["164.312.b"],"nist_800_53":["AU.14","AC.7"],"tsc":["CC6.8","CC7.2","CC7.3"]},"agent":{"id":"000","name":"kali"},"manager":{"name":"kali"},"id":"1762793731.1983","full_log":"Nov 10 16:55:30 kali sudo[135470]: pam_unix(sudo:session): session opened for user root(uid=0) by root(uid=0)","predecoder":{"program_name":"sudo","timestamp":"Nov 10 16:55:30","hostname":"kali"},"decoder":{"parent":"pam","name":"pam"},"data":{"srcuser":"root","dstuser":"root(uid=0)","uid":"0"},"location":"journald"}
{"timestamp":"2025-11-10T16:55:35.538+0000","rule":{"level":3,"description":"PAM: Login session closed.","id":"5502","firedtimes":2,"mail":false,"groups":["pam","syslog"],"pci_dss":["10.2.5"],"gpg13":["7.8","7.9"],"gdpr":["IV_32.2"],"hipaa":["164.312.b"],"nist_800_53":["AU.14","AC.7"],"tsc":["CC6.8","CC7.2","CC7.3"]},"agent":{"id":"000","name":"kali"},"manager":{"name":"kali"},"id":"1762793735.2400","full_log":"Nov 10 16:55:34 kali sudo[135470]: pam_unix(sudo:session): session closed for user root","predecoder":{"program_name":"sudo","timestamp":"Nov 10 16:55:34","hostname":"kali"},"decoder":{"parent":"pam","name":"pam"},"data":{"dstuser":"root"},"location":"journald"}
{"timestamp":"2025-11-10T16:55:39.539+0000","rule":{"level":3,"description":"PAM: Login session closed.","id":"5502","firedtimes":3,"mail":false,"groups":["pam","syslog"],"pci_dss":["10.2.5"],"gpg13":["7.8","7.9"],"gdpr":["IV_32.2"],"hipaa":["164.312.b"],"nist_800_53":["AU.14","AC.7"],"tsc":["CC6.8","CC7.2","CC7.3"]},"agent":{"id":"000","name":"kali"},"manager":{"name":"kali"},"id":"1762793739.2758","full_log":"Nov 10 16:55:37 kali sudo[132617]: pam_unix(sudo:session): session closed for user root","predecoder":{"program_name":"sudo","timestamp":"Nov 10 16:55:37","hostname":"kali"},"decoder":{"parent":"pam","name":"pam"},"data":{"dstuser":"root"},"location":"journald"}
{"timestamp":"2025-11-10T16:55:39.539+0000","rule":{"level":3,"description":"PAM: Login session closed.","id":"5502","firedtimes":4,"mail":false,"groups":["pam","syslog"],"pci_dss":["10.2.5"],"gpg13":["7.8","7.9"],"gdpr":["IV_32.2"],"hipaa":["164.312.b"],"nist_800_53":["AU.14","AC.7"],"tsc":["CC6.8","CC7.2","CC7.3"]},"agent":{"id":"000","name":"kali"},"manager":{"name":"kali"},"id":"1762793739.3116","full_log":"Nov 10 16:55:37 kali sudo[135188]: pam_unix(sudo:session): session closed for user root","predecoder":{"program_name":"sudo","timestamp":"Nov 10 16:55:37","hostname":"kali"},"decoder":{"parent":"pam","name":"pam"},"data":{"dstuser":"root"},"location":"journald"}
{"timestamp":"2025-11-10T16:55:39.539+0000","rule":{"level":3,"description":"PAM: Login session closed.","id":"5502","firedtimes":5,"mail":false,"groups":["pam","syslog"],"pci_dss":["10.2.5"],"gpg13":["7.8","7.9"],"gdpr":["IV_32.2"],"hipaa":["164.312.b"],"nist_800_53":["AU.14","AC.7"],"tsc":["CC6.8","CC7.2","CC7.3"]},"agent":{"id":"000","name":"kali"},"manager":{"name":"kali"},"id":"1762793739.3474","full_log":"Nov 10 16:55:37 kali sudo[132608]: pam_unix(sudo:session): session closed for user root","predecoder":{"program_name":"sudo","timestamp":"Nov 10 16:55:37","hostname":"kali"},"decoder":{"parent":"pam","name":"pam"},"data":{"dstuser":"root"},"location":"journald"}
{"timestamp":"2025-11-10T16:55:53.541+0000","rule":{"level":3,"description":"PAM: Login session opened.","id":"5501","mitre":{"id":["T1078"],"tactic":["Defense Evasion","Persistence","Privilege Escalation","Initial Access"],"technique":["Valid Accounts"]},"firedtimes":3,"mail":false,"groups":["pam","syslog","authentication_success"],"pci_dss":["10.2.5"],"gpg13":["7.8","7.9"],"gdpr":["IV_32.2"],"hipaa":["164.312.b"],"nist_800_53":["AU.14","AC.7"],"tsc":["CC6.8","CC7.2","CC7.3"]},"agent":{"id":"000","name":"kali"},"manager":{"name":"kali"},"id":"1762793753.3832","full_log":"Nov 10 16:55:52 kali sudo[136208]: pam_unix(sudo:session): session opened for user root(uid=0) by (uid=1000)","predecoder":{"program_name":"sudo","timestamp":"Nov 10 16:55:52","hostname":"kali"},"decoder":{"parent":"pam","name":"pam"},"data":{"dstuser":"root(uid=0)","uid":"1000"},"location":"journald"}
{"timestamp":"2025-11-10T16:55:53.541+0000","rule":{"level":3,"description":"PAM: Login session closed.","id":"5502","firedtimes":6,"mail":false,"groups":["pam","syslog"],"pci_dss":["10.2.5"],"gpg13":["7.8","7.9"],"gdpr":["IV_32.2"],"hipaa":["164.312.b"],"nist_800_53":["AU.14","AC.7"],"tsc":["CC6.8","CC7.2","CC7.3"]},"agent":{"id":"000","name":"kali"},"manager":{"name":"kali"},"id":"1762793753.4251","full_log":"Nov 10 16:55:52 kali sudo[136208]: pam_unix(sudo:session): session closed for user root","predecoder":{"program_name":"sudo","timestamp":"Nov 10 16:55:52","hostname":"kali"},"decoder":{"parent":"pam","name":"pam"},"data":{"dstuser":"root"},"location":"journald"}
{"timestamp":"2025-11-10T16:55:53.541+0000","rule":{"level":3,"description":"Successful sudo to ROOT executed.","id":"5402","mitre":{"id":["T1548.003"],"tactic":["Privilege Escalation","Defense Evasion"],"technique":["Sudo and Sudo Caching"]},"firedtimes":3,"mail":false,"groups":["syslog","sudo"],"pci_dss":["10.2.5","10.2.2"],"gpg13":["7.6","7.8","7.13"],"gdpr":["IV_32.2"],"hipaa":["164.312.b"],"nist_800_53":["AU.14","AC.7","AC.6"],"tsc":["CC6.8","CC7.2","CC7.3"]},"agent":{"id":"000","name":"kali"},"manager":{"name":"kali"},"id":"1762793753.4609","full_log":"Nov 10 16:55:52 kali sudo[136208]:     kali : TTY=pts/2 ; PWD=/home/kali ; USER=root ; COMMAND=/usr/bin/systemctl start wazuh-manager","predecoder":{"program_name":"sudo","timestamp":"Nov 10 16:55:52","hostname":"kali"},"decoder":{"parent":"sudo","name":"sudo","ftscomment":"First time user executed the sudo command"},"data":{"srcuser":"kali","dstuser":"root","tty":"pts/2","pwd":"/home/kali","command":"/usr/bin/systemctl start wazuh-manager"},"location":"journald"}
{"timestamp":"2025-11-10T16:55:59.542+0000","rule":{"level":3,"description":"PAM: Login session closed.","id":"5502","firedtimes":7,"mail":false,"groups":["pam","syslog"],"pci_dss":["10.2.5"],"gpg13":["7.8","7.9"],"gdpr":["IV_32.2"],"hipaa":["164.312.b"],"nist_800_53":["AU.14","AC.7"],"tsc":["CC6.8","CC7.2","CC7.3"]},"agent":{"id":"000","name":"kali"},"manager":{"name":"kali"},"id":"1762793759.5139","full_log":"Nov 10 16:55:59 kali sudo[136264]: pam_unix(sudo:session): session closed for user root","predecoder":{"program_name":"sudo","timestamp":"Nov 10 16:55:59","hostname":"kali"},"decoder":{"parent":"pam","name":"pam"},"data":{"dstuser":"root"},"location":"journald"}
{"timestamp":"2025-11-10T16:55:59.542+0000","rule":{"level":3,"description":"PAM: Login session opened.","id":"5501","mitre":{"id":["T1078"],"tactic":["Defense Evasion","Persistence","Privilege Escalation","Initial Access"],"technique":["Valid Accounts"]},"firedtimes":4,"mail":false,"groups":["pam","syslog","authentication_success"],"pci_dss":["10.2.5"],"gpg13":["7.8","7.9"],"gdpr":["IV_32.2"],"hipaa":["164.312.b"],"nist_800_53":["AU.14","AC.7"],"tsc":["CC6.8","CC7.2","CC7.3"]},"agent":{"id":"000","name":"kali"},"manager":{"name":"kali"},"id":"1762793759.5497","full_log":"Nov 10 16:55:59 kali sudo[136264]: pam_unix(sudo:session): session opened for user root(uid=0) by (uid=1000)","predecoder":{"program_name":"sudo","timestamp":"Nov 10 16:55:59","hostname":"kali"},"decoder":{"parent":"pam","name":"pam"},"data":{"dstuser":"root(uid=0)","uid":"1000"},"location":"journald"}
{"timestamp":"2025-11-10T16:55:59.542+0000","rule":{"level":3,"description":"Successful sudo to ROOT executed.","id":"5402","mitre":{"id":["T1548.003"],"tactic":["Privilege Escalation","Defense Evasion"],"technique":["Sudo and Sudo Caching"]},"firedtimes":4,"mail":false,"groups":["syslog","sudo"],"pci_dss":["10.2.5","10.2.2"],"gpg13":["7.6","7.8","7.13"],"gdpr":["IV_32.2"],"hipaa":["164.312.b"],"nist_800_53":["AU.14","AC.7","AC.6"],"tsc":["CC6.8","CC7.2","CC7.3"]},"agent":{"id":"000","name":"kali"},"manager":{"name":"kali"},"id":"1762793759.5916","full_log":"Nov 10 16:55:59 kali sudo[136264]:     kali : TTY=pts/2 ; PWD=/home/kali ; USER=root ; COMMAND=/usr/bin/systemctl start wazuh-dashboard","predecoder":{"program_name":"sudo","timestamp":"Nov 10 16:55:59","hostname":"kali"},"decoder":{"parent":"sudo","name":"sudo","ftscomment":"First time user executed the sudo command"},"data":{"srcuser":"kali","dstuser":"root","tty":"pts/2","pwd":"/home/kali","command":"/usr/bin/systemctl start wazuh-dashboard"},"location":"journald"}
{"timestamp":"2025-11-10T16:58:07.849+0000","rule":{"level":3,"description":"Successful sudo to ROOT executed.","id":"5402","mitre":{"id":["T1548.003"],"tactic":["Privilege Escalation","Defense Evasion"],"technique":["Sudo and Sudo Caching"]},"firedtimes":5,"mail":false,"groups":["syslog","sudo"],"pci_dss":["10.2.5","10.2.2"],"gpg13":["7.6","7.8","7.13"],"gdpr":["IV_32.2"],"hipaa":["164.312.b"],"nist_800_53":["AU.14","AC.7","AC.6"],"tsc":["CC6.8","CC7.2","CC7.3"]},"agent":{"id":"000","name":"kali"},"manager":{"name":"kali"},"id":"1762793887.6450","full_log":"Nov 10 16:58:07 kali sudo[139311]:     kali : TTY=pts/2 ; PWD=/home/kali ; USER=root ; COMMAND=/usr/bin/systemctl stop wazuh-dashboard","predecoder":{"program_name":"sudo","timestamp":"Nov 10 16:58:07","hostname":"kali"},"decoder":{"parent":"sudo","name":"sudo","ftscomment":"First time user executed the sudo command"},"data":{"srcuser":"kali","dstuser":"root","tty":"pts/2","pwd":"/home/kali","command":"/usr/bin/systemctl stop wazuh-dashboard"},"location":"journald"}
{"timestamp":"2025-11-10T16:58:07.849+0000","rule":{"level":3,"description":"PAM: Login session closed.","id":"5502","firedtimes":8,"mail":false,"groups":["pam","syslog"],"pci_dss":["10.2.5"],"gpg13":["7.8","7.9"],"gdpr":["IV_32.2"],"hipaa":["164.312.b"],"nist_800_53":["AU.14","AC.7"],"tsc":["CC6.8","CC7.2","CC7.3"]},"agent":{"id":"000","name":"kali"},"manager":{"name":"kali"},"id":"1762793887.6982","full_log":"Nov 10 16:58:07 kali sudo[139311]: pam_unix(sudo:session): session closed for user root","predecoder":{"program_name":"sudo","timestamp":"Nov 10 16:58:07","hostname":"kali"},"decoder":{"parent":"pam","name":"pam"},"data":{"dstuser":"root"},"location":"journald"}
{"timestamp":"2025-11-10T16:58:07.849+0000","rule":{"level":3,"description":"PAM: Login session opened.","id":"5501","mitre":{"id":["T1078"],"tactic":["Defense Evasion","Persistence","Privilege Escalation","Initial Access"],"technique":["Valid Accounts"]},"firedtimes":5,"mail":false,"groups":["pam","syslog","authentication_success"],"pci_dss":["10.2.5"],"gpg13":["7.8","7.9"],"gdpr":["IV_32.2"],"hipaa":["164.312.b"],"nist_800_53":["AU.14","AC.7"],"tsc":["CC6.8","CC7.2","CC7.3"]},"agent":{"id":"000","name":"kali"},"manager":{"name":"kali"},"id":"1762793887.7340","full_log":"Nov 10 16:58:07 kali sudo[139311]: pam_unix(sudo:session): session opened for user root(uid=0) by (uid=1000)","predecoder":{"program_name":"sudo","timestamp":"Nov 10 16:58:07","hostname":"kali"},"decoder":{"parent":"pam","name":"pam"},"data":{"dstuser":"root(uid=0)","uid":"1000"},"location":"journald"}
{"timestamp":"2025-11-10T16:58:13.852+0000","rule":{"level":3,"description":"PAM: Login session opened.","id":"5501","mitre":{"id":["T1078"],"tactic":["Defense Evasion","Persistence","Privilege Escalation","Initial Access"],"technique":["Valid Accounts"]},"firedtimes":6,"mail":false,"groups":["pam","syslog","authentication_success"],"pci_dss":["10.2.5"],"gpg13":["7.8","7.9"],"gdpr":["IV_32.2"],"hipaa":["164.312.b"],"nist_800_53":["AU.14","AC.7"],"tsc":["CC6.8","CC7.2","CC7.3"]},"agent":{"id":"000","name":"kali"},"manager":{"name":"kali"},"id":"1762793893.7759","full_log":"Nov 10 16:58:13 kali sudo[139364]: pam_unix(sudo:session): session opened for user root(uid=0) by (uid=1000)","predecoder":{"program_name":"sudo","timestamp":"Nov 10 16:58:13","hostname":"kali"},"decoder":{"parent":"pam","name":"pam"},"data":{"dstuser":"root(uid=0)","uid":"1000"},"location":"journald"}
{"timestamp":"2025-11-10T16:58:13.852+0000","rule":{"level":3,"description":"Successful sudo to ROOT executed.","id":"5402","mitre":{"id":["T1548.003"],"tactic":["Privilege Escalation","Defense Evasion"],"technique":["Sudo and Sudo Caching"]},"firedtimes":6,"mail":false,"groups":["syslog","sudo"],"pci_dss":["10.2.5","10.2.2"],"gpg13":["7.6","7.8","7.13"],"gdpr":["IV_32.2"],"hipaa":["164.312.b"],"nist_800_53":["AU.14","AC.7","AC.6"],"tsc":["CC6.8","CC7.2","CC7.3"]},"agent":{"id":"000","name":"kali"},"manager":{"name":"kali"},"id":"1762793893.8178","full_log":"Nov 10 16:58:13 kali sudo[139364]:     kali : TTY=pts/2 ; PWD=/home/kali ; USER=root ; COMMAND=/usr/bin/systemctl stop wazuh-manager","predecoder":{"program_name":"sudo","timestamp":"Nov 10 16:58:13","hostname":"kali"},"decoder":{"parent":"sudo","name":"sudo","ftscomment":"First time user executed the sudo command"},"data":{"srcuser":"kali","dstuser":"root","tty":"pts/2","pwd":"/home/kali","command":"/usr/bin/systemctl stop wazuh-manager"},"location":"journald"}
{"timestamp":"2025-11-07T21:41:11.320+0000","rule":{"level":8,"description":"Multiple failed login attempts detected","id":"54001","firedtimes":3,"mail":true,"groups":["windows","authentication"]},"agent":{"id":"002","name":"DC01","ip":"10.0.0.5"},"manager":{"name":"kali"},"id":"1762551671.320589","decoder":{"name":"windows_eventchannel"},"data":{"win":{"system":{"providerName":"Microsoft-Windows-Security-Auditing","eventID":"4625","level":"2","message":"An account failed to log on."},"eventdata":{"TargetUserName":"admin","WorkstationName":"DC01","SourceNetworkAddress":"192.168.5.21"}}},"location":"Security"}
{"timestamp":"2025-11-07T21:42:04.880+0000","rule":{"level":9,"description":"Brute-force attack detected","id":"54002","firedtimes":5,"mail":true,"groups":["windows","authentication"]},"agent":{"id":"002","name":"DC01","ip":"10.0.0.5"},"manager":{"name":"kali"},"id":"1762551724.880589","decoder":{"name":"windows_eventchannel"},"data":{"win":{"system":{"providerName":"Microsoft-Windows-Security-Auditing","eventID":"4625","message":"Repeated failed logon attempts detected for user admin from IP 192.168.5.21"},"eventdata":{"TargetUserName":"admin","IpAddress":"192.168.5.21","FailureCount":"10"}}},"location":"Security"}
{"timestamp":"2025-11-07T21:40:41.770+0000","rule":{"level":5,"description":"Name resolution for the name wpad timed out","id":"61109","firedtimes":2,"mail":false,"groups":["windows","windows_system"]},"agent":{"id":"001","name":"Chaitu","ip":"172.16.78.136"},"manager":{"name":"kali"},"id":"1762551641.220589","decoder":{"name":"windows_eventchannel"},"data":{"win":{"system":{"providerName":"Microsoft-Windows-DNS-Client","eventID":"1014","level":"3","message":"Name resolution for the name wpad timed out after none of the configured DNS servers responded. Client PID 4312."},"eventdata":{"queryName":"wpad","clientPID":"4312"}}},"location":"EventChannel"}
{"timestamp":"2025-11-07T21:40:41.770+0000","rule":{"level":5,"description":"Name resolution for the name wpad timed out","id":"61109","firedtimes":2,"mail":false,"groups":["windows","windows_system"]},"agent":{"id":"001","name":"Chaitu","ip":"172.16.78.136"},"manager":{"name":"kali"},"id":"1762551641.220589","decoder":{"name":"windows_eventchannel"},"data":{"win":{"system":{"providerName":"Microsoft-Windows-DNS-Client","eventID":"1014","level":"3","message":"Name resolution for the name wpad timed out after none of the configured DNS servers responded. Client PID 4312."},"eventdata":{"queryName":"wpad","clientPID":"4312"}}},"location":"EventChannel"}
{"timestamp":"2025-11-07T21:40:41.770+0000","rule":{"level":5,"description":"Name resolution for the name wpad timed out","id":"61109","firedtimes":2,"mail":false,"groups":["windows","windows_system"]},"agent":{"id":"001","name":"Chaitu","ip":"172.16.78.136"},"manager":{"name":"kali"},"id":"1762551641.220589","decoder":{"name":"windows_eventchannel"},"data":{"win":{"system":{"providerName":"Microsoft-Windows-DNS-Client","eventID":"1014","level":"3","message":"Name resolution for the name wpad timed out after none of the configured DNS servers responded. Client PID 4312."},"eventdata":{"queryName":"wpad","clientPID":"4312"}}},"location":"EventChannel"}
