{"timestamp":"2025-11-07T21:40:41.770+0000","rule":{"level":5,"description":"Name resolution for the name wpad timed out","id":"61109","firedtimes":2,"mail":false,"groups":["windows","windows_system"]},"agent":{"id":"001","name":"Chaitu","ip":"172.16.78.136"},"manager":{"name":"kali"},"id":"1762551641.220589","decoder":{"name":"windows_eventchannel"},"data":{"win":{"system":{"providerName":"Microsoft-Windows-DNS-Client","eventID":"1014","level":"3","message":"Name resolution for the name wpad timed out after none of the configured DNS servers responded. Client PID 4312."},"eventdata":{"queryName":"wpad","clientPID":"4312"}}},"location":"EventChannel"}
{"timestamp":"2025-11-07T21:41:11.320+0000","rule":{"level":8,"description":"Multiple failed login attempts detected","id":"54001","firedtimes":3,"mail":true,"groups":["windows","authentication"]},"agent":{"id":"002","name":"DC01","ip":"10.0.0.5"},"manager":{"name":"kali"},"id":"1762551671.320589","decoder":{"name":"windows_eventchannel"},"data":{"win":{"system":{"providerName":"Microsoft-Windows-Security-Auditing","eventID":"4625","level":"2","message":"An account failed to log on."},"eventdata":{"TargetUserName":"admin","WorkstationName":"DC01","SourceNetworkAddress":"192.168.5.21"}}},"location":"Security"}
{"timestamp":"2025-11-07T21:42:04.880+0000","rule":{"level":9,"description":"Brute-force attack detected","id":"54002","firedtimes":5,"mail":true,"groups":["windows","authentication"]},"agent":{"id":"002","name":"DC01","ip":"10.0.0.5"},"manager":{"name":"kali"},"id":"1762551724.880589","decoder":{"name":"windows_eventchannel"},"data":{"win":{"system":{"providerName":"Microsoft-Windows-Security-Auditing","eventID":"4625","message":"Repeated failed logon attempts detected for user admin from IP 192.168.5.21"},"eventdata":{"TargetUserName":"admin","IpAddress":"192.168.5.21","FailureCount":"10"}}},"location":"Security"}
{"timestamp":"2025-11-07T21:43:33.770+0000","rule":{"level":4,"description":"User logged on successfully","id":"54003","firedtimes":1,"mail":false,"groups":["windows","authentication"]},"agent":{"id":"002","name":"DC01","ip":"10.0.0.5"},"manager":{"name":"kali"},"id":"1762551813.220589","decoder":{"name":"windows_eventchannel"},"data":{"win":{"system":{"providerName":"Microsoft-Windows-Security-Auditing","eventID":"4624","message":"An account was successfully logged on."},"eventdata":{"TargetUserName":"jsmith","LogonType":"2","WorkstationName":"LAPTOP-23"}}},"location":"Security"}
{"timestamp":"2025-11-07T21:45:22.650+0000","rule":{"level":10,"description":"Malware detected and quarantined","id":"55001","firedtimes":1,"mail":true,"groups":["windows","antivirus"]},"agent":{"id":"003","name":"HR-PC01","ip":"172.16.22.44"},"manager":{"name":"kali"},"id":"1762551922.650589","decoder":{"name":"windows_eventchannel"},"data":{"win":{"system":{"providerName":"Windows Defender","eventID":"1116","message":"Malware detected and action taken."},"eventdata":{"MalwareName":"Trojan:Win32/Emotet","Path":"C:\\Users\\Public\\update.exe","Action":"Quarantine"}}},"location":"System"}
{"timestamp":"2025-11-07T21:47:41.010+0000","rule":{"level":7,"description":"Suspicious PowerShell command executed","id":"57001","firedtimes":2,"mail":true,"groups":["windows","powershell"]},"agent":{"id":"003","name":"HR-PC01","ip":"172.16.22.44"},"manager":{"name":"kali"},"id":"1762552061.010589","decoder":{"name":"windows_eventchannel"},"data":{"win":{"system":{"providerName":"PowerShell","eventID":"4104","message":"Script block logging detected suspicious encoded command"},"eventdata":{"Command":"powershell.exe -enc JABXAG8AdwA="}}},"location":"PowerShell/Operational"}
{"timestamp":"2025-11-07T21:49:31.770+0000","rule":{"level":6,"description":"USB storage device connected","id":"58001","firedtimes":1,"mail":false,"groups":["windows","device"]},"agent":{"id":"004","name":"Eng-PC05","ip":"172.16.55.10"},"manager":{"name":"kali"},"id":"1762552171.220589","decoder":{"name":"windows_eventchannel"},"data":{"win":{"system":{"providerName":"Microsoft-Windows-DriverFrameworks-UserMode","eventID":"2101","message":"Device USBSTOR\\Disk connected."},"eventdata":{"DeviceName":"Kingston DataTraveler 3.0","SerialNumber":"60A44C123"}}},"location":"System"}
{"timestamp":"2025-11-07T21:51:02.110+0000","rule":{"level":8,"description":"Unusual outbound network traffic","id":"59001","firedtimes":2,"mail":true,"groups":["network","anomaly"]},"agent":{"id":"005","name":"WEB01","ip":"10.10.0.20"},"manager":{"name":"kali"},"id":"1762552262.110589","decoder":{"name":"netflow"},"data":{"flow":{"src_ip":"10.10.0.20","dst_ip":"185.32.54.88","dst_port":"8080","protocol":"TCP","bytes_sent":"145600","bytes_received":"300"}},"location":"Network"}
{"timestamp":"2025-11-07T21:52:44.870+0000","rule":{"level":5,"description":"Service stopped unexpectedly","id":"60001","firedtimes":1,"mail":false,"groups":["windows","system"]},"agent":{"id":"002","name":"DC01","ip":"10.0.0.5"},"manager":{"name":"kali"},"id":"1762552364.870589","decoder":{"name":"windows_eventchannel"},"data":{"win":{"system":{"providerName":"Service Control Manager","eventID":"7031","message":"The DNS Server service terminated unexpectedly."},"eventdata":{"ServiceName":"DNS","ExitCode":"1"}}},"location":"System"}
{"timestamp":"2025-11-07T21:53:50.670+0000","rule":{"level":6,"description":"Firewall rule modified","id":"61001","firedtimes":1,"mail":true,"groups":["windows","firewall"]},"agent":{"id":"004","name":"Eng-PC05","ip":"172.16.55.10"},"manager":{"name":"kali"},"id":"1762552430.670589","decoder":{"name":"windows_eventchannel"},"data":{"win":{"system":{"providerName":"Microsoft-Windows-Windows Firewall","eventID":"2004","message":"Firewall rule modified."},"eventdata":{"RuleName":"Allow RDP","Action":"Modified"}}},"location":"Security"}
{"timestamp":"2025-11-07T21:55:33.540+0000","rule":{"level":7,"description":"Privileged group membership changed","id":"62001","firedtimes":1,"mail":true,"groups":["windows","account_management"]},"agent":{"id":"002","name":"DC01","ip":"10.0.0.5"},"manager":{"name":"kali"},"id":"1762552533.540589","decoder":{"name":"windows_eventchannel"},"data":{"win":{"system":{"providerName":"Microsoft-Windows-Security-Auditing","eventID":"4728","message":"A member was added to a security-enabled global group."},"eventdata":{"MemberName":"jsmith","TargetGroupName":"Domain Admins"}}},"location":"Security"}
{"timestamp":"2025-11-07T21:57:21.220+0000","rule":{"level":5,"description":"System time modified","id":"63001","firedtimes":1,"mail":false,"groups":["windows","system"]},"agent":{"id":"001","name":"Chaitu","ip":"172.16.78.136"},"manager":{"name":"kali"},"id":"1762552641.220589","decoder":{"name":"windows_eventchannel"},"data":{"win":{"system":{"providerName":"Security-Auditing","eventID":"4616","message":"The system time was changed."},"eventdata":{"NewTime":"2025-11-07T21:56:00Z","OldTime":"2025-11-07T21:46:00Z"}}},"location":"Security"}
{"timestamp":"2025-11-07T21:58:42.880+0000","rule":{"level":8,"description":"Unusual login time detected","id":"64001","firedtimes":2,"mail":true,"groups":["windows","authentication"]},"agent":{"id":"002","name":"DC01","ip":"10.0.0.5"},"manager":{"name":"kali"},"id":"1762552722.880589","decoder":{"name":"windows_eventchannel"},"data":{"win":{"system":{"providerName":"Security-Auditing","eventID":"4624","message":"User logged in at unusual time."},"eventdata":{"TargetUserName":"jdoe","LoginTime":"03:15 AM"}}},"location":"Security"}
{"timestamp":"2025-11-07T22:00:05.440+0000","rule":{"level":4,"description":"Application crash detected","id":"65001","firedtimes":1,"mail":false,"groups":["windows","application"]},"agent":{"id":"005","name":"WEB01","ip":"10.10.0.20"},"manager":{"name":"kali"},"id":"1762552805.440589","decoder":{"name":"windows_eventchannel"},"data":{"win":{"system":{"providerName":"Application Error","eventID":"1000","message":"IIS Worker Process crashed."},"eventdata":{"AppName":"w3wp.exe","FaultModule":"mod.dll"}}},"location":"Application"}
{"timestamp":"2025-11-07T22:01:15.880+0000","rule":{"level":7,"description":"Account lockout","id":"66001","firedtimes":1,"mail":true,"groups":["windows","authentication"]},"agent":{"id":"002","name":"DC01","ip":"10.0.0.5"},"manager":{"name":"kali"},"id":"1762552875.880589","decoder":{"name":"windows_eventchannel"},"data":{"win":{"system":{"providerName":"Security-Auditing","eventID":"4740","message":"Account locked out due to failed login attempts."},"eventdata":{"TargetUserName":"admin","LockedOutBy":"SYSTEM"}}},"location":"Security"}
{"timestamp":"2025-11-07T22:02:48.770+0000","rule":{"level":5,"description":"Scheduled task created","id":"67001","firedtimes":1,"mail":false,"groups":["windows","task_scheduler"]},"agent":{"id":"004","name":"Eng-PC05","ip":"172.16.55.10"},"manager":{"name":"kali"},"id":"1762552968.770589","decoder":{"name":"windows_eventchannel"},"data":{"win":{"system":{"providerName":"Microsoft-Windows-TaskScheduler","eventID":"106","message":"A new task was registered."},"eventdata":{"TaskName":"SystemUpdater","User":"jsmith"}}},"location":"Microsoft-Windows-TaskScheduler"}
{"timestamp":"2025-11-07T22:04:11.420+0000","rule":{"level":9,"description":"Possible ransomware file encryption activity","id":"68001","firedtimes":3,"mail":true,"groups":["windows","file_monitor"]},"agent":{"id":"003","name":"HR-PC01","ip":"172.16.22.44"},"manager":{"name":"kali"},"id":"1762553051.420589","decoder":{"name":"file_integrity"},"data":{"file":{"path":"C:\\Finance\\Q4\\","files_changed":"125","extensions":".locked"}},"location":"Syscheck"}
{"timestamp":"2025-11-07T22:05:33.540+0000","rule":{"level":4,"description":"Software installation detected","id":"69001","firedtimes":1,"mail":false,"groups":["windows","application"]},"agent":{"id":"004","name":"Eng-PC05","ip":"172.16.55.10"},"manager":{"name":"kali"},"id":"1762553133.540589","decoder":{"name":"windows_eventchannel"},"data":{"win":{"system":{"providerName":"MsiInstaller","eventID":"1033","message":"Product installed successfully."},"eventdata":{"ProductName":"Zoom","Version":"6.1.2"}}},"location":"Application"}
{"timestamp":"2025-11-07T22:06:59.010+0000","rule":{"level":8,"description":"Unusual process created","id":"70001","firedtimes":2,"mail":true,"groups":["windows","process"]},"agent":{"id":"005","name":"WEB01","ip":"10.10.0.20"},"manager":{"name":"kali"},"id":"1762553219.010589","decoder":{"name":"windows_eventchannel"},"data":{"win":{"system":{"providerName":"Security-Auditing","eventID":"4688","message":"A new process has been created."},"eventdata":{"NewProcessName":"cmd.exe","ParentProcessName":"w3wp.exe"}}},"location":"Security"}
{"timestamp":"2025-11-07T22:08:44.010+0000","rule":{"level":5,"description":"Group policy updated","id":"71001","firedtimes":1,"mail":false,"groups":["windows","policy"]},"agent":{"id":"002","name":"DC01","ip":"10.0.0.5"},"manager":{"name":"kali"},"id":"1762553324.010589","decoder":{"name":"windows_eventchannel"},"data":{"win":{"system":{"providerName":"GroupPolicy","eventID":"1502","message":"Group Policy settings applied successfully."},"eventdata":{"User":"Administrator"}}},"location":"System"}
{"timestamp":"2025-11-07T22:10:05.220+0000","rule":{"level":6,"description":"Suspicious DNS request","id":"72001","firedtimes":1,"mail":true,"groups":["windows","network"]},"agent":{"id":"005","name":"WEB01","ip":"10.10.0.20"},"manager":{"name":"kali"},"id":"1762553405.220589","decoder":{"name":"windows_eventchannel"},"data":{"win":{"system":{"providerName":"DNS Client Events","eventID":"1014","message":"Name resolution for the name suspicious-domain.ru timed out."},"eventdata":{"queryName":"suspicious-domain.ru"}}},"location":"System"}
{"timestamp":"2025-11-07T22:11:59.550+0000","rule":{"level":7,"description":"Administrative privilege escalation","id":"73001","firedtimes":2,"mail":true,"groups":["windows","privilege"]},"agent":{"id":"004","name":"Eng-PC05","ip":"172.16.55.10"},"manager":{"name":"kali"},"id":"1762553519.550589","decoder":{"name":"windows_eventchannel"},"data":{"win":{"system":{"providerName":"Security-Auditing","eventID":"4672","message":"Special privileges assigned to new logon."},"eventdata":{"TargetUserName":"jsmith","Privileges":"SeDebugPrivilege"}}},"location":"Security"}
{"timestamp":"2025-11-07T22:13:33.660+0000","rule":{"level":4,"description":"System reboot detected","id":"74001","firedtimes":1,"mail":false,"groups":["windows","system"]},"agent":{"id":"001","name":"Chaitu","ip":"172.16.78.136"},"manager":{"name":"kali"},"id":"1762553613.660589","decoder":{"name":"windows_eventchannel"},"data":{"win":{"system":{"providerName":"EventLog","eventID":"6006","message":"The Event log service was stopped."},"eventdata":{"ShutdownType":"Clean"}}},"location":"System"}
{"timestamp":"2025-11-07T22:14:42.880+0000","rule":{"level":8,"description":"Network port scan detected","id":"75001","firedtimes":3,"mail":true,"groups":["network","threat_detection"]},"agent":{"id":"006","name":"FW01","ip":"10.0.1.1"},"manager":{"name":"kali"},"id":"1762553682.880589","decoder":{"name":"firewall_log"},"data":{"flow":{"src_ip":"192.168.5.21","dst_ip":"10.0.1.5","ports_scanned":"30","protocol":"TCP"}},"location":"Firewall"}
{"timestamp":"2025-11-07T21:40:41.770+0000","rule":{"level":5,"description":"Name resolution for the name wpad timed out","id":"61109","firedtimes":2,"mail":false,"groups":["windows","windows_system"]},"agent":{"id":"001","name":"Chaitu","ip":"172.16.78.136"},"manager":{"name":"kali"},"id":"1762551641.220589","decoder":{"name":"windows_eventchannel"},"data":{"win":{"system":{"providerName":"Microsoft-Windows-DNS-Client","providerGuid":"{1c95126e-7eea-49a9-a3fe-a378b03ddb4d}","eventID":"1014","version":"1","level":"3","task":"1014","opcode":"0","keywords":"0x4000000010000000","systemTime":"2025-11-03T20:45:12.5322493Z","eventRecordID":"11389","processID":"1892","threadID":"5260","channel":"System","computer":"Chaitu","severityValue":"WARNING","message":"\"Name resolution for the name wpad timed out after none of the configured DNS servers responded. Client PID 4312.\""},"eventdata":{"queryName":"wpad","addressLength":"128","address":"02000000AC104E02000000000000000000000000000000000000000000000000000000000000000000000000000000000000000000000000000000000000000000000000000000000000000000000000000000000000000000000000000000000000000000000000000000000000000000000000000000000000000000000000","clientPID":"4312"}}},"location":"EventChannel"}
{"timestamp":"2025-11-07T21:40:47.642+0000","rule":{"level":6,"description":"Logon Failure - Unknown user or bad password","id":"100001","mitre":{"id":["T1531"],"tactic":["Impact"],"technique":["Account Access Removal"]},"firedtimes":4,"mail":false,"groups":["windows","windows_security","powershellauthentication_failed"],"pci_dss":["10.2.4","10.2.5"],"gpg13":["7.1"],"gdpr":["IV_35.7.d","IV_32.2"],"hipaa":["164.312.b"],"nist_800_53":["AU.14","AC.7"],"tsc":["CC6.1","CC6.8","CC7.2","CC7.3"]},"agent":{"id":"001","name":"Chaitu","ip":"172.16.78.136"},"manager":{"name":"kali"},"id":"1762551647.222632","decoder":{"name":"windows_eventchannel"},"data":{"win":{"system":{"providerName":"Microsoft-Windows-Security-Auditing","providerGuid":"{54849625-5478-4994-a5ba-3e3b0328c30d}","eventID":"4625","version":"0","level":"0","task":"12544","opcode":"0","keywords":"0x8010000000000000","systemTime":"2025-11-03T20:45:19.0608262Z","eventRecordID":"350601","processID":"752","threadID":"7408","channel":"Security","computer":"Chaitu","severityValue":"AUDIT_FAILURE","message":"\"An account failed to log on.\r\n\r\nSubject:\r\n\tSecurity ID:\t\tS-1-5-18\r\n\tAccount Name:\t\tCHAITU$\r\n\tAccount Domain:\t\tWORKGROUP\r\n\tLogon ID:\t\t0x3E7\r\n\r\nLogon Type:\t\t\t2\r\n\r\nAccount For Which Logon Failed:\r\n\tSecurity ID:\t\tS-1-0-0\r\n\tAccount Name:\t\tWorkfrmtampa\r\n\tAccount Domain:\t\tCHAITU\r\n\r\nFailure Information:\r\n\tFailure Reason:\t\tUnknown user name or bad password.\r\n\tStatus:\t\t\t0xC000006D\r\n\tSub Status:\t\t0xC000006A\r\n\r\nProcess Information:\r\n\tCaller Process ID:\t0x674\r\n\tCaller Process Name:\tC:\\Windows\\System32\\svchost.exe\r\n\r\nNetwork Information:\r\n\tWorkstation Name:\tCHAITU\r\n\tSource Network Address:\t127.0.0.1\r\n\tSource Port:\t\t0\r\n\r\nDetailed Authentication Information:\r\n\tLogon Process:\t\tUser32 \r\n\tAuthentication Package:\tNegotiate\r\n\tTransited Services:\t-\r\n\tPackage Name (NTLM only):\t-\r\n\tKey Length:\t\t0\r\n\r\nThis event is generated when a logon request fails. It is generated on the computer where access was attempted.\r\n\r\nThe Subject fields indicate the account on the local system which requested the logon. This is most commonly a service such as the Server service, or a local process such as Winlogon.exe or Services.exe.\r\n\r\nThe Logon Type field indicates the kind of logon that was requested. The most common types are 2 (interactive) and 3 (network).\r\n\r\nThe Process Information fields indicate which account and process on the system requested the logon.\r\n\r\nThe Network Information fields indicate where a remote logon request originated. Workstation name is not always available and may be left blank in some cases.\r\n\r\nThe authentication information fields provide detailed information about this specific logon request.\r\n\t- Transited services indicate which intermediate services have participated in this logon request.\r\n\t- Package name indicates which sub-protocol was used among the NTLM protocols.\r\n\t- Key length indicates the length of the generated session key. This will be 0 if no session key was requested.\""},"eventdata":{"subjectUserSid":"S-1-5-18","subjectUserName":"CHAITU$","subjectDomainName":"WORKGROUP","subjectLogonId":"0x3e7","targetUserSid":"S-1-0-0","targetUserName":"Workfrmtampa","targetDomainName":"CHAITU","status":"0xc000006d","failureReason":"%%2313","subStatus":"0xc000006a","logonType":"2","logonProcessName":"User32","authenticationPackageName":"Negotiate","workstationName":"CHAITU","keyLength":"0","processId":"0x674","processName":"C:\\\\Windows\\\\System32\\\\svchost.exe","ipAddress":"127.0.0.1","ipPort":"0"}}},"location":"EventChannel"}
{"timestamp":"2025-11-07T21:40:49.711+0000","rule":{"level":6,"description":"Logon Failure - Unknown user or bad password","id":"100001","mitre":{"id":["T1531"],"tactic":["Impact"],"technique":["Account Access Removal"]},"firedtimes":5,"mail":false,"groups":["windows","windows_security","powershellauthentication_failed"],"pci_dss":["10.2.4","10.2.5"],"gpg13":["7.1"],"gdpr":["IV_35.7.d","IV_32.2"],"hipaa":["164.312.b"],"nist_800_53":["AU.14","AC.7"],"tsc":["CC6.1","CC6.8","CC7.2","CC7.3"]},"agent":{"id":"001","name":"Chaitu","ip":"172.16.78.136"},"manager":{"name":"kali"},"id":"1762551649.229170","decoder":{"name":"windows_eventchannel"},"data":{"win":{"system":{"providerName":"Microsoft-Windows-Security-Auditing","providerGuid":"{54849625-5478-4994-a5ba-3e3b0328c30d}","eventID":"4625","version":"0","level":"0","task":"12544","opcode":"0","keywords":"0x8010000000000000","systemTime":"2025-11-03T20:45:20.4652255Z","eventRecordID":"350602","processID":"752","threadID":"788","channel":"Security","computer":"Chaitu","severityValue":"AUDIT_FAILURE","message":"\"An account failed to log on.\r\n\r\nSubject:\r\n\tSecurity ID:\t\tS-1-5-18\r\n\tAccount Name:\t\tCHAITU$\r\n\tAccount Domain:\t\tWORKGROUP\r\n\tLogon ID:\t\t0x3E7\r\n\r\nLogon Type:\t\t\t2\r\n\r\nAccount For Which Logon Failed:\r\n\tSecurity ID:\t\tS-1-0-0\r\n\tAccount Name:\t\tWorkfrmtampa\r\n\tAccount Domain:\t\tCHAITU\r\n\r\nFailure Information:\r\n\tFailure Reason:\t\tUnknown user name or bad password.\r\n\tStatus:\t\t\t0xC000006D\r\n\tSub Status:\t\t0xC000006A\r\n\r\nProcess Information:\r\n\tCaller Process ID:\t0x674\r\n\tCaller Process Name:\tC:\\Windows\\System32\\svchost.exe\r\n\r\nNetwork Information:\r\n\tWorkstation Name:\tCHAITU\r\n\tSource Network Address:\t127.0.0.1\r\n\tSource Port:\t\t0\r\n\r\nDetailed Authentication Information:\r\n\tLogon Process:\t\tUser32 \r\n\tAuthentication Package:\tNegotiate\r\n\tTransited Services:\t-\r\n\tPackage Name (NTLM only):\t-\r\n\tKey Length:\t\t0\r\n\r\nThis event is generated when a logon request fails. It is generated on the computer where access was attempted.\r\n\r\nThe Subject fields indicate the account on the local system which requested the logon. This is most commonly a service such as the Server service, or a local process such as Winlogon.exe or Services.exe.\r\n\r\nThe Logon Type field indicates the kind of logon that was requested. The most common types are 2 (interactive) and 3 (network).\r\n\r\nThe Process Information fields indicate which account and process on the system requested the logon.\r\n\r\nThe Network Information fields indicate where a remote logon request originated. Workstation name is not always available and may be left blank in some cases.\r\n\r\nThe authentication information fields provide detailed information about this specific logon request.\r\n\t- Transited services indicate which intermediate services have participated in this logon request.\r\n\t- Package name indicates which sub-protocol was used among the NTLM protocols.\r\n\t- Key length indicates the length of the generated session key. This will be 0 if no session key was requested.\""},"eventdata":{"subjectUserSid":"S-1-5-18","subjectUserName":"CHAITU$","subjectDomainName":"WORKGROUP","subjectLogonId":"0x3e7","targetUserSid":"S-1-0-0","targetUserName":"Workfrmtampa","targetDomainName":"CHAITU","status":"0xc000006d","failureReason":"%%2313","subStatus":"0xc000006a","logonType":"2","logonProcessName":"User32","authenticationPackageName":"Negotiate","workstationName":"CHAITU","keyLength":"0","processId":"0x674","processName":"C:\\\\Windows\\\\System32\\\\svchost.exe","ipAddress":"127.0.0.1","ipPort":"0"}}},"location":"EventChannel"}
{"timestamp":"2025-11-07T21:41:50.768+0000","rule":{"level":3,"description":"A process was created.","id":"67027","firedtimes":26,"mail":false,"groups":["windows"," WEF"]},"agent":{"id":"001","name":"Chaitu","ip":"172.16.78.136"},"manager":{"name":"kali"},"id":"1762551710.235706","decoder":{"name":"windows_eventchannel"},"data":{"win":{"system":{"providerName":"Microsoft-Windows-Security-Auditing","providerGuid":"{54849625-5478-4994-a5ba-3e3b0328c30d}","eventID":"4688","version":"2","level":"0","task":"13312","opcode":"0","keywords":"0x8020000000000000","systemTime":"2025-11-03T20:46:21.7526405Z","eventRecordID":"350622","processID":"4","threadID":"9204","channel":"Security","computer":"Chaitu","severityValue":"AUDIT_SUCCESS","message":"\"A new process has been created.\r\n\r\nCreator Subject:\r\n\tSecurity ID:\t\tS-1-5-18\r\n\tAccount Name:\t\tCHAITU$\r\n\tAccount Domain:\t\tWORKGROUP\r\n\tLogon ID:\t\t0x3E7\r\n\r\nTarget Subject:\r\n\tSecurity ID:\t\tS-1-5-21-1849594923-898934099-661420534-1001\r\n\tAccount Name:\t\tWorkfrmtampa\r\n\tAccount Domain:\t\tChaitu\r\n\tLogon ID:\t\t0x186F4\r\n\r\nProcess Information:\r\n\tNew Process ID:\t\t0x1ed4\r\n\tNew Process Name:\tC:\\Windows\\System32\\backgroundTaskHost.exe\r\n\tToken Elevation Type:\tTokenElevationTypeLimited (3)\r\n\tMandatory Label:\t\tS-1-16-4096\r\n\tCreator Process ID:\t0x36c\r\n\tCreator Process Name:\tC:\\Windows\\System32\\svchost.exe\r\n\tProcess Command Line:\t\r\n\r\nToken Elevation Type indicates the type of token that was assigned to the new process in accordance with User Account Control policy.\r\n\r\nType 1 is a full token with no privileges removed or groups disabled.  A full token is only used if User Account Control is disabled or if the user is the built-in Administrator account or a service account.\r\n\r\nType 2 is an elevated token with no privileges removed or groups disabled.  An elevated token is used when User Account Control is enabled and the user chooses to start the program using Run as administrator.  An elevated token is also used when an application is configured to always require administrative privilege or to always require maximum privilege, and the user is a member of the Administrators group.\r\n\r\nType 3 is a limited token with administrative privileges removed and administrative groups disabled.  The limited token is used when User Account Control is enabled, the application does not require administrative privilege, and the user does not choose to start the program using Run as administrator.\""},"eventdata":{"subjectUserSid":"S-1-5-18","subjectUserName":"CHAITU$","subjectDomainName":"WORKGROUP","subjectLogonId":"0x3e7","newProcessId":"0x1ed4","newProcessName":"C:\\\\Windows\\\\System32\\\\backgroundTaskHost.exe","tokenElevationType":"%%1938","processId":"0x36c","targetUserSid":"S-1-5-21-1849594923-898934099-661420534-1001","targetUserName":"Workfrmtampa","targetDomainName":"Chaitu","targetLogonId":"0x186f4","parentProcessName":"C:\\\\Windows\\\\System32\\\\svchost.exe","mandatoryLabel":"S-1-16-4096"}}},"location":"EventChannel"}
{"timestamp":"2025-11-07T21:42:13.960+0000","rule":{"level":3,"description":"PAM: Login session opened.","id":"5501","mitre":{"id":["T1078"],"tactic":["Defense Evasion","Persistence","Privilege Escalation","Initial Access"],"technique":["Valid Accounts"]},"firedtimes":16,"mail":false,"groups":["pam","syslog","authentication_success"],"pci_dss":["10.2.5"],"gpg13":["7.8","7.9"],"gdpr":["IV_32.2"],"hipaa":["164.312.b"],"nist_800_53":["AU.14","AC.7"],"tsc":["CC6.8","CC7.2","CC7.3"]},"agent":{"id":"000","name":"kali"},"manager":{"name":"kali"},"id":"1762551733.241433","full_log":"Nov 07 21:42:13 kali sudo[127302]: pam_unix(sudo:session): session opened for user root(uid=0) by (uid=1000)","predecoder":{"program_name":"sudo","timestamp":"Nov 07 21:42:13","hostname":"kali"},"decoder":{"parent":"pam","name":"pam"},"data":{"dstuser":"root(uid=0)","uid":"1000"},"location":"journald"}
{"timestamp":"2025-11-07T21:42:13.960+0000","rule":{"level":3,"description":"Successful sudo to ROOT executed.","id":"5402","mitre":{"id":["T1548.003"],"tactic":["Privilege Escalation","Defense Evasion"],"technique":["Sudo and Sudo Caching"]},"firedtimes":15,"mail":false,"groups":["syslog","sudo"],"pci_dss":["10.2.5","10.2.2"],"gpg13":["7.6","7.8","7.13"],"gdpr":["IV_32.2"],"hipaa":["164.312.b"],"nist_800_53":["AU.14","AC.7","AC.6"],"tsc":["CC6.8","CC7.2","CC7.3"]},"agent":{"id":"000","name":"kali"},"manager":{"name":"kali"},"id":"1762551733.241854","full_log":"Nov 07 21:42:13 kali sudo[127302]:     kali : TTY=pts/0 ; PWD=/home/kali ; USER=root ; COMMAND=/usr/bin/systemctl stop wazuh-dashboard","predecoder":{"program_name":"sudo","timestamp":"Nov 07 21:42:13","hostname":"kali"},"decoder":{"parent":"sudo","name":"sudo","ftscomment":"First time user executed the sudo command"},"data":{"srcuser":"kali","dstuser":"root","tty":"pts/0","pwd":"/home/kali","command":"/usr/bin/systemctl stop wazuh-dashboard"},"location":"journald"}
{"timestamp":"2025-11-07T21:42:15.961+0000","rule":{"level":3,"description":"PAM: Login session closed.","id":"5502","firedtimes":18,"mail":false,"groups":["pam","syslog"],"pci_dss":["10.2.5"],"gpg13":["7.8","7.9"],"gdpr":["IV_32.2"],"hipaa":["164.312.b"],"nist_800_53":["AU.14","AC.7"],"tsc":["CC6.8","CC7.2","CC7.3"]},"agent":{"id":"000","name":"kali"},"manager":{"name":"kali"},"id":"1762551735.242388","full_log":"Nov 07 21:42:14 kali sudo[127302]: pam_unix(sudo:session): session closed for user root","predecoder":{"program_name":"sudo","timestamp":"Nov 07 21:42:14","hostname":"kali"},"decoder":{"parent":"pam","name":"pam"},"data":{"dstuser":"root"},"location":"journald"}
{"timestamp":"2025-11-07T21:42:21.964+0000","rule":{"level":3,"description":"Successful sudo to ROOT executed.","id":"5402","mitre":{"id":["T1548.003"],"tactic":["Privilege Escalation","Defense Evasion"],"technique":["Sudo and Sudo Caching"]},"firedtimes":16,"mail":false,"groups":["syslog","sudo"],"pci_dss":["10.2.5","10.2.2"],"gpg13":["7.6","7.8","7.13"],"gdpr":["IV_32.2"],"hipaa":["164.312.b"],"nist_800_53":["AU.14","AC.7","AC.6"],"tsc":["CC6.8","CC7.2","CC7.3"]},"agent":{"id":"000","name":"kali"},"manager":{"name":"kali"},"id":"1762551741.242748","full_log":"Nov 07 21:42:21 kali sudo[127353]:     kali : TTY=pts/0 ; PWD=/home/kali ; USER=root ; COMMAND=/usr/bin/systemctl stop wazuh-manager","predecoder":{"program_name":"sudo","timestamp":"Nov 07 21:42:21","hostname":"kali"},"decoder":{"parent":"sudo","name":"sudo","ftscomment":"First time user executed the sudo command"},"data":{"srcuser":"kali","dstuser":"root","tty":"pts/0","pwd":"/home/kali","command":"/usr/bin/systemctl stop wazuh-manager"},"location":"journald"}
{"timestamp":"2025-11-07T21:42:21.964+0000","rule":{"level":3,"description":"PAM: Login session opened.","id":"5501","mitre":{"id":["T1078"],"tactic":["Defense Evasion","Persistence","Privilege Escalation","Initial Access"],"technique":["Valid Accounts"]},"firedtimes":17,"mail":false,"groups":["pam","syslog","authentication_success"],"pci_dss":["10.2.5"],"gpg13":["7.8","7.9"],"gdpr":["IV_32.2"],"hipaa":["164.312.b"],"nist_800_53":["AU.14","AC.7"],"tsc":["CC6.8","CC7.2","CC7.3"]},"agent":{"id":"000","name":"kali"},"manager":{"name":"kali"},"id":"1762551741.243278","full_log":"Nov 07 21:42:21 kali sudo[127353]: pam_unix(sudo:session): session opened for user root(uid=0) by (uid=1000)","predecoder":{"program_name":"sudo","timestamp":"Nov 07 21:42:21","hostname":"kali"},"decoder":{"parent":"pam","name":"pam"},"data":{"dstuser":"root(uid=0)","uid":"1000"},"location":"journald"}
{"timestamp":"2025-11-07T21:42:22.804+0000","rule":{"level":3,"description":"A process was created.","id":"67027","firedtimes":27,"mail":false,"groups":["windows"," WEF"]},"agent":{"id":"001","name":"Chaitu","ip":"172.16.78.136"},"manager":{"name":"kali"},"id":"1762551742.243699","decoder":{"name":"windows_eventchannel"},"data":{"win":{"system":{"providerName":"Microsoft-Windows-Security-Auditing","providerGuid":"{54849625-5478-4994-a5ba-3e3b0328c30d}","eventID":"4688","version":"2","level":"0","task":"13312","opcode":"0","keywords":"0x8020000000000000","systemTime":"2025-11-03T20:46:53.3962464Z","eventRecordID":"350631","processID":"4","threadID":"10204","channel":"Security","computer":"Chaitu","severityValue":"AUDIT_SUCCESS","message":"\"A new process has been created.\r\n\r\nCreator Subject:\r\n\tSecurity ID:\t\tS-1-5-18\r\n\tAccount Name:\t\tCHAITU$\r\n\tAccount Domain:\t\tWORKGROUP\r\n\tLogon ID:\t\t0x3E7\r\n\r\nTarget Subject:\r\n\tSecurity ID:\t\tS-1-5-21-1849594923-898934099-661420534-1001\r\n\tAccount Name:\t\tWorkfrmtampa\r\n\tAccount Domain:\t\tChaitu\r\n\tLogon ID:\t\t0x186F4\r\n\r\nProcess Information:\r\n\tNew Process ID:\t\t0x1530\r\n\tNew Process Name:\tC:\\Windows\\System32\\LocationNotificationWindows.exe\r\n\tToken Elevation Type:\tTokenElevationTypeLimited (3)\r\n\tMandatory Label:\t\tS-1-16-8192\r\n\tCreator Process ID:\t0x4dc\r\n\tCreator Process Name:\tC:\\Windows\\System32\\svchost.exe\r\n\tProcess Command Line:\t\r\n\r\nToken Elevation Type indicates the type of token that was assigned to the new process in accordance with User Account Control policy.\r\n\r\nType 1 is a full token with no privileges removed or groups disabled.  A full token is only used if User Account Control is disabled or if the user is the built-in Administrator account or a service account.\r\n\r\nType 2 is an elevated token with no privileges removed or groups disabled.  An elevated token is used when User Account Control is enabled and the user chooses to start the program using Run as administrator.  An elevated token is also used when an application is configured to always require administrative privilege or to always require maximum privilege, and the user is a member of the Administrators group.\r\n\r\nType 3 is a limited token with administrative privileges removed and administrative groups disabled.  The limited token is used when User Account Control is enabled, the application does not require administrative privilege, and the user does not choose to start the program using Run as administrator.\""},"eventdata":{"subjectUserSid":"S-1-5-18","subjectUserName":"CHAITU$","subjectDomainName":"WORKGROUP","subjectLogonId":"0x3e7","newProcessId":"0x1530","newProcessName":"C:\\\\Windows\\\\System32\\\\LocationNotificationWindows.exe","tokenElevationType":"%%1938","processId":"0x4dc","targetUserSid":"S-1-5-21-1849594923-898934099-661420534-1001","targetUserName":"Workfrmtampa","targetDomainName":"Chaitu","targetLogonId":"0x186f4","parentProcessName":"C:\\\\Windows\\\\System32\\\\svchost.exe","mandatoryLabel":"S-1-16-8192"}}},"location":"EventChannel"}
{"timestamp":"2025-11-07T21:40:41.770+0000","rule":{"level":5,"description":"Name resolution for the name wpad timed out","id":"61109","firedtimes":2,"mail":false,"groups":["windows","windows_system"]},"agent":{"id":"001","name":"Chaitu","ip":"172.16.78.136"},"manager":{"name":"kali"},"id":"1762551641.220589","decoder":{"name":"windows_eventchannel"},"data":{"win":{"system":{"providerName":"Microsoft-Windows-DNS-Client","providerGuid":"{1c95126e-7eea-49a9-a3fe-a378b03ddb4d}","eventID":"1014","version":"1","level":"3","task":"1014","opcode":"0","keywords":"0x4000000010000000","systemTime":"2025-11-03T20:45:12.5322493Z","eventRecordID":"11389","processID":"1892","threadID":"5260","channel":"System","computer":"Chaitu","severityValue":"WARNING","message":"\"Name resolution for the name wpad timed out after none of the configured DNS servers responded. Client PID 4312.\""},"eventdata":{"queryName":"wpad","addressLength":"128","address":"02000000AC104E02000000000000000000000000000000000000000000000000000000000000000000000000000000000000000000000000000000000000000000000000000000000000000000000000000000000000000000000000000000000000000000000000000000000000000000000000000000000000000000000000","clientPID":"4312"}}},"location":"EventChannel"}
{"timestamp":"2025-11-07T21:40:47.642+0000","rule":{"level":6,"description":"Logon Failure - Unknown user or bad password","id":"100001","mitre":{"id":["T1531"],"tactic":["Impact"],"technique":["Account Access Removal"]},"firedtimes":4,"mail":false,"groups":["windows","windows_security","powershellauthentication_failed"],"pci_dss":["10.2.4","10.2.5"],"gpg13":["7.1"],"gdpr":["IV_35.7.d","IV_32.2"],"hipaa":["164.312.b"],"nist_800_53":["AU.14","AC.7"],"tsc":["CC6.1","CC6.8","CC7.2","CC7.3"]},"agent":{"id":"001","name":"Chaitu","ip":"172.16.78.136"},"manager":{"name":"kali"},"id":"1762551647.222632","decoder":{"name":"windows_eventchannel"},"data":{"win":{"system":{"providerName":"Microsoft-Windows-Security-Auditing","providerGuid":"{54849625-5478-4994-a5ba-3e3b0328c30d}","eventID":"4625","version":"0","level":"0","task":"12544","opcode":"0","keywords":"0x8010000000000000","systemTime":"2025-11-03T20:45:19.0608262Z","eventRecordID":"350601","processID":"752","threadID":"7408","channel":"Security","computer":"Chaitu","severityValue":"AUDIT_FAILURE","message":"\"An account failed to log on.\r\n\r\nSubject:\r\n\tSecurity ID:\t\tS-1-5-18\r\n\tAccount Name:\t\tCHAITU$\r\n\tAccount Domain:\t\tWORKGROUP\r\n\tLogon ID:\t\t0x3E7\r\n\r\nLogon Type:\t\t\t2\r\n\r\nAccount For Which Logon Failed:\r\n\tSecurity ID:\t\tS-1-0-0\r\n\tAccount Name:\t\tWorkfrmtampa\r\n\tAccount Domain:\t\tCHAITU\r\n\r\nFailure Information:\r\n\tFailure Reason:\t\tUnknown user name or bad password.\r\n\tStatus:\t\t\t0xC000006D\r\n\tSub Status:\t\t0xC000006A\r\n\r\nProcess Information:\r\n\tCaller Process ID:\t0x674\r\n\tCaller Process Name:\tC:\\Windows\\System32\\svchost.exe\r\n\r\nNetwork Information:\r\n\tWorkstation Name:\tCHAITU\r\n\tSource Network Address:\t127.0.0.1\r\n\tSource Port:\t\t0\r\n\r\nDetailed Authentication Information:\r\n\tLogon Process:\t\tUser32 \r\n\tAuthentication Package:\tNegotiate\r\n\tTransited Services:\t-\r\n\tPackage Name (NTLM only):\t-\r\n\tKey Length:\t\t0\r\n\r\nThis event is generated when a logon request fails. It is generated on the computer where access was attempted.\r\n\r\nThe Subject fields indicate the account on the local system which requested the logon. This is most commonly a service such as the Server service, or a local process such as Winlogon.exe or Services.exe.\r\n\r\nThe Logon Type field indicates the kind of logon that was requested. The most common types are 2 (interactive) and 3 (network).\r\n\r\nThe Process Information fields indicate which account and process on the system requested the logon.\r\n\r\nThe Network Information fields indicate where a remote logon request originated. Workstation name is not always available and may be left blank in some cases.\r\n\r\nThe authentication information fields provide detailed information about this specific logon request.\r\n\t- Transited services indicate which intermediate services have participated in this logon request.\r\n\t- Package name indicates which sub-protocol was used among the NTLM protocols.\r\n\t- Key length indicates the length of the generated session key. This will be 0 if no session key was requested.\""},"eventdata":{"subjectUserSid":"S-1-5-18","subjectUserName":"CHAITU$","subjectDomainName":"WORKGROUP","subjectLogonId":"0x3e7","targetUserSid":"S-1-0-0","targetUserName":"Workfrmtampa","targetDomainName":"CHAITU","status":"0xc000006d","failureReason":"%%2313","subStatus":"0xc000006a","logonType":"2","logonProcessName":"User32","authenticationPackageName":"Negotiate","workstationName":"CHAITU","keyLength":"0","processId":"0x674","processName":"C:\\\\Windows\\\\System32\\\\svchost.exe","ipAddress":"127.0.0.1","ipPort":"0"}}},"location":"EventChannel"}
{"timestamp":"2025-11-07T21:40:49.711+0000","rule":{"level":6,"description":"Logon Failure - Unknown user or bad password","id":"100001","mitre":{"id":["T1531"],"tactic":["Impact"],"technique":["Account Access Removal"]},"firedtimes":5,"mail":false,"groups":["windows","windows_security","powershellauthentication_failed"],"pci_dss":["10.2.4","10.2.5"],"gpg13":["7.1"],"gdpr":["IV_35.7.d","IV_32.2"],"hipaa":["164.312.b"],"nist_800_53":["AU.14","AC.7"],"tsc":["CC6.1","CC6.8","CC7.2","CC7.3"]},"agent":{"id":"001","name":"Chaitu","ip":"172.16.78.136"},"manager":{"name":"kali"},"id":"1762551649.229170","decoder":{"name":"windows_eventchannel"},"data":{"win":{"system":{"providerName":"Microsoft-Windows-Security-Auditing","providerGuid":"{54849625-5478-4994-a5ba-3e3b0328c30d}","eventID":"4625","version":"0","level":"0","task":"12544","opcode":"0","keywords":"0x8010000000000000","systemTime":"2025-11-03T20:45:20.4652255Z","eventRecordID":"350602","processID":"752","threadID":"788","channel":"Security","computer":"Chaitu","severityValue":"AUDIT_FAILURE","message":"\"An account failed to log on.\r\n\r\nSubject:\r\n\tSecurity ID:\t\tS-1-5-18\r\n\tAccount Name:\t\tCHAITU$\r\n\tAccount Domain:\t\tWORKGROUP\r\n\tLogon ID:\t\t0x3E7\r\n\r\nLogon Type:\t\t\t2\r\n\r\nAccount For Which Logon Failed:\r\n\tSecurity ID:\t\tS-1-0-0\r\n\tAccount Name:\t\tWorkfrmtampa\r\n\tAccount Domain:\t\tCHAITU\r\n\r\nFailure Information:\r\n\tFailure Reason:\t\tUnknown user name or bad password.\r\n\tStatus:\t\t\t0xC000006D\r\n\tSub Status:\t\t0xC000006A\r\n\r\nProcess Information:\r\n\tCaller Process ID:\t0x674\r\n\tCaller Process Name:\tC:\\Windows\\System32\\svchost.exe\r\n\r\nNetwork Information:\r\n\tWorkstation Name:\tCHAITU\r\n\tSource Network Address:\t127.0.0.1\r\n\tSource Port:\t\t0\r\n\r\nDetailed Authentication Information:\r\n\tLogon Process:\t\tUser32 \r\n\tAuthentication Package:\tNegotiate\r\n\tTransited Services:\t-\r\n\tPackage Name (NTLM only):\t-\r\n\tKey Length:\t\t0\r\n\r\nThis event is generated when a logon request fails. It is generated on the computer where access was attempted.\r\n\r\nThe Subject fields indicate the account on the local system which requested the logon. This is most commonly a service such as the Server service, or a local process such as Winlogon.exe or Services.exe.\r\n\r\nThe Logon Type field indicates the kind of logon that was requested. The most common types are 2 (interactive) and 3 (network).\r\n\r\nThe Process Information fields indicate which account and process on the system requested the logon.\r\n\r\nThe Network Information fields indicate where a remote logon request originated. Workstation name is not always available and may be left blank in some cases.\r\n\r\nThe authentication information fields provide detailed information about this specific logon request.\r\n\t- Transited services indicate which intermediate services have participated in this logon request.\r\n\t- Package name indicates which sub-protocol was used among the NTLM protocols.\r\n\t- Key length indicates the length of the generated session key. This will be 0 if no session key was requested.\""},"eventdata":{"subjectUserSid":"S-1-5-18","subjectUserName":"CHAITU$","subjectDomainName":"WORKGROUP","subjectLogonId":"0x3e7","targetUserSid":"S-1-0-0","targetUserName":"Workfrmtampa","targetDomainName":"CHAITU","status":"0xc000006d","failureReason":"%%2313","subStatus":"0xc000006a","logonType":"2","logonProcessName":"User32","authenticationPackageName":"Negotiate","workstationName":"CHAITU","keyLength":"0","processId":"0x674","processName":"C:\\\\Windows\\\\System32\\\\svchost.exe","ipAddress":"127.0.0.1","ipPort":"0"}}},"location":"EventChannel"}
{"timestamp":"2025-11-07T21:41:50.768+0000","rule":{"level":3,"description":"A process was created.","id":"67027","firedtimes":26,"mail":false,"groups":["windows"," WEF"]},"agent":{"id":"001","name":"Chaitu","ip":"172.16.78.136"},"manager":{"name":"kali"},"id":"1762551710.235706","decoder":{"name":"windows_eventchannel"},"data":{"win":{"system":{"providerName":"Microsoft-Windows-Security-Auditing","providerGuid":"{54849625-5478-4994-a5ba-3e3b0328c30d}","eventID":"4688","version":"2","level":"0","task":"13312","opcode":"0","keywords":"0x8020000000000000","systemTime":"2025-11-03T20:46:21.7526405Z","eventRecordID":"350622","processID":"4","threadID":"9204","channel":"Security","computer":"Chaitu","severityValue":"AUDIT_SUCCESS","message":"\"A new process has been created.\r\n\r\nCreator Subject:\r\n\tSecurity ID:\t\tS-1-5-18\r\n\tAccount Name:\t\tCHAITU$\r\n\tAccount Domain:\t\tWORKGROUP\r\n\tLogon ID:\t\t0x3E7\r\n\r\nTarget Subject:\r\n\tSecurity ID:\t\tS-1-5-21-1849594923-898934099-661420534-1001\r\n\tAccount Name:\t\tWorkfrmtampa\r\n\tAccount Domain:\t\tChaitu\r\n\tLogon ID:\t\t0x186F4\r\n\r\nProcess Information:\r\n\tNew Process ID:\t\t0x1ed4\r\n\tNew Process Name:\tC:\\Windows\\System32\\backgroundTaskHost.exe\r\n\tToken Elevation Type:\tTokenElevationTypeLimited (3)\r\n\tMandatory Label:\t\tS-1-16-4096\r\n\tCreator Process ID:\t0x36c\r\n\tCreator Process Name:\tC:\\Windows\\System32\\svchost.exe\r\n\tProcess Command Line:\t\r\n\r\nToken Elevation Type indicates the type of token that was assigned to the new process in accordance with User Account Control policy.\r\n\r\nType 1 is a full token with no privileges removed or groups disabled.  A full token is only used if User Account Control is disabled or if the user is the built-in Administrator account or a service account.\r\n\r\nType 2 is an elevated token with no privileges removed or groups disabled.  An elevated token is used when User Account Control is enabled and the user chooses to start the program using Run as administrator.  An elevated token is also used when an application is configured to always require administrative privilege or to always require maximum privilege, and the user is a member of the Administrators group.\r\n\r\nType 3 is a limited token with administrative privileges removed and administrative groups disabled.  The limited token is used when User Account Control is enabled, the application does not require administrative privilege, and the user does not choose to start the program using Run as administrator.\""},"eventdata":{"subjectUserSid":"S-1-5-18","subjectUserName":"CHAITU$","subjectDomainName":"WORKGROUP","subjectLogonId":"0x3e7","newProcessId":"0x1ed4","newProcessName":"C:\\\\Windows\\\\System32\\\\backgroundTaskHost.exe","tokenElevationType":"%%1938","processId":"0x36c","targetUserSid":"S-1-5-21-1849594923-898934099-661420534-1001","targetUserName":"Workfrmtampa","targetDomainName":"Chaitu","targetLogonId":"0x186f4","parentProcessName":"C:\\\\Windows\\\\System32\\\\svchost.exe","mandatoryLabel":"S-1-16-4096"}}},"location":"EventChannel"}
